<?xml version="1.0" encoding="UTF-8"?>
<!-- Generated by org.testng.reporters.JUnitXMLReporter -->
<testsuite hostname="C02R8ALGFVH5" ignored="0" name="Regression" tests="8" failures="0" timestamp="2020-08-04T23:38:04 IST" time="0.409" errors="0">
  <testcase name="@BeforeClass beforeSuit" time="0.194" classname="com.nobroker.test.LaunchAndSearchTest">
    <failure type="io.appium.java_client.service.local.InvalidServerInstanceException" message="The main Appium script does not exist at &amp;apos;/Users/ajay.kushwaha/Automation/MobileAutomation/appium/build/lib/main.js&amp;apos;">
      <![CDATA[io.appium.java_client.service.local.InvalidServerInstanceException: The main Appium script does not exist at '/Users/ajay.kushwaha/Automation/MobileAutomation/appium/build/lib/main.js'
at io.appium.java_client.service.local.AppiumServiceBuilder.findMainScript(AppiumServiceBuilder.java:161)
at io.appium.java_client.service.local.AppiumServiceBuilder.loadPathToMainScript(AppiumServiceBuilder.java:300)
at io.appium.java_client.service.local.AppiumServiceBuilder.createArgs(AppiumServiceBuilder.java:381)
at org.openqa.selenium.remote.service.DriverService$Builder.build(DriverService.java:358)
at io.appium.java_client.service.local.AppiumDriverLocalService.buildService(AppiumDriverLocalService.java:87)
at io.appium.java_client.service.local.AppiumDriverLocalService.buildDefaultService(AppiumDriverLocalService.java:83)
at com.nobroker.framework.TestBasePage.getAppiumServerDefault(TestBasePage.java:51)
at com.nobroker.framework.TestBasePage.beforeSuit(TestBasePage.java:41)
at com.nobroker.framework.TestBaseTest.initialSetup(TestBaseTest.java:15)
at com.nobroker.test.LaunchAndSearchTest.beforeSuit(LaunchAndSearchTest.java:14)
at java.util.ArrayList.forEach(ArrayList.java:1257)
... Removed 25 stack frames]]>
    </failure>
  </testcase> <!-- @BeforeClass beforeSuit -->
  <testcase name="@AfterClass afterSuit" time="-1.596564484301E9" classname="com.nobroker.test.LaunchAndSearchTest">
    <skipped/>
  </testcase> <!-- @AfterClass afterSuit -->
  <testcase name="@BeforeClass beforeSuit" time="0.017" classname="com.nobroker.test.PropertyCategoryTest">
    <failure type="io.appium.java_client.service.local.InvalidServerInstanceException" message="The main Appium script does not exist at &amp;apos;/Users/ajay.kushwaha/Automation/MobileAutomation/appium/build/lib/main.js&amp;apos;">
      <![CDATA[io.appium.java_client.service.local.InvalidServerInstanceException: The main Appium script does not exist at '/Users/ajay.kushwaha/Automation/MobileAutomation/appium/build/lib/main.js'
at io.appium.java_client.service.local.AppiumServiceBuilder.findMainScript(AppiumServiceBuilder.java:161)
at io.appium.java_client.service.local.AppiumServiceBuilder.loadPathToMainScript(AppiumServiceBuilder.java:300)
at io.appium.java_client.service.local.AppiumServiceBuilder.createArgs(AppiumServiceBuilder.java:381)
at org.openqa.selenium.remote.service.DriverService$Builder.build(DriverService.java:358)
at io.appium.java_client.service.local.AppiumDriverLocalService.buildService(AppiumDriverLocalService.java:87)
at io.appium.java_client.service.local.AppiumDriverLocalService.buildDefaultService(AppiumDriverLocalService.java:83)
at com.nobroker.framework.TestBasePage.getAppiumServerDefault(TestBasePage.java:51)
at com.nobroker.framework.TestBasePage.beforeSuit(TestBasePage.java:41)
at com.nobroker.framework.TestBaseTest.initialSetup(TestBaseTest.java:15)
at com.nobroker.test.PropertyCategoryTest.beforeSuit(PropertyCategoryTest.java:19)
at java.util.ArrayList.forEach(ArrayList.java:1257)
... Removed 25 stack frames]]>
    </failure>
  </testcase> <!-- @BeforeClass beforeSuit -->
  <testcase name="@AfterClass afterSuit" time="-1.596564484395E9" classname="com.nobroker.test.PropertyCategoryTest">
    <skipped/>
  </testcase> <!-- @AfterClass afterSuit -->
  <testcase name="verifyPermissionEnable" time="0.0" classname="com.nobroker.test.LaunchAndSearchTest">
    <skipped/>
  </testcase> <!-- verifyPermissionEnable -->
  <testcase name="verifyBuyButtonTap" time="0.0" classname="com.nobroker.test.LaunchAndSearchTest">
    <skipped/>
  </testcase> <!-- verifyBuyButtonTap -->
  <testcase name="verifyBangaloreSelection" time="0.0" classname="com.nobroker.test.LaunchAndSearchTest">
    <skipped/>
  </testcase> <!-- verifyBangaloreSelection -->
  <testcase name="verifySearchButton" time="0.0" classname="com.nobroker.test.LaunchAndSearchTest">
    <skipped/>
  </testcase> <!-- verifySearchButton -->
  <testcase name="verifySuggetedAnEdit" time="0.0" classname="com.nobroker.test.PropertyCategoryTest">
    <skipped/>
  </testcase> <!-- verifySuggetedAnEdit -->
  <testcase name="verifyWhatsWrongOptions" time="0.0" classname="com.nobroker.test.PropertyCategoryTest">
    <skipped/>
  </testcase> <!-- verifyWhatsWrongOptions -->
  <testcase name="verifyCategory" time="0.0" classname="com.nobroker.test.PropertyCategoryTest">
    <skipped/>
  </testcase> <!-- verifyCategory -->
  <testcase name="verifyScrollTillend" time="0.0" classname="com.nobroker.test.PropertyCategoryTest">
    <skipped/>
  </testcase> <!-- verifyScrollTillend -->
</testsuite> <!-- Regression -->
