<?xml version="1.0" encoding="UTF-8"?>
<!-- Generated by org.testng.reporters.JUnitReportReporter -->
<testsuite skipped="4" hostname="C02R8ALGFVH5" name="com.nobroker.test.PropertyCategoryTest" tests="5" failures="0" timestamp="2020-08-04T23:38:04 IST" time="0.017" errors="1">
  <testcase name="verifySuggetedAnEdit" time="0.000" classname="com.nobroker.test.PropertyCategoryTest">
    <skipped/>
  </testcase> <!-- verifySuggetedAnEdit -->
  <system-out/>
  <testcase name="beforeSuit" time="0.017" classname="com.nobroker.test.PropertyCategoryTest">
    <error type="io.appium.java_client.service.local.InvalidServerInstanceException" message="The main Appium script does not exist at &#039;/Users/ajay.kushwaha/Automation/MobileAutomation/appium/build/lib/main.js&#039;">
      <![CDATA[io.appium.java_client.service.local.InvalidServerInstanceException: The main Appium script does not exist at '/Users/ajay.kushwaha/Automation/MobileAutomation/appium/build/lib/main.js'
at io.appium.java_client.service.local.AppiumServiceBuilder.findMainScript(AppiumServiceBuilder.java:161)
at io.appium.java_client.service.local.AppiumServiceBuilder.loadPathToMainScript(AppiumServiceBuilder.java:300)
at io.appium.java_client.service.local.AppiumServiceBuilder.createArgs(AppiumServiceBuilder.java:381)
at org.openqa.selenium.remote.service.DriverService$Builder.build(DriverService.java:358)
at io.appium.java_client.service.local.AppiumDriverLocalService.buildService(AppiumDriverLocalService.java:87)
at io.appium.java_client.service.local.AppiumDriverLocalService.buildDefaultService(AppiumDriverLocalService.java:83)
at com.nobroker.framework.TestBasePage.getAppiumServerDefault(TestBasePage.java:51)
at com.nobroker.framework.TestBasePage.beforeSuit(TestBasePage.java:41)
at com.nobroker.framework.TestBaseTest.initialSetup(TestBaseTest.java:15)
at com.nobroker.test.PropertyCategoryTest.beforeSuit(PropertyCategoryTest.java:19)
at sun.reflect.NativeMethodAccessorImpl.invoke0(Native Method)
at sun.reflect.NativeMethodAccessorImpl.invoke(NativeMethodAccessorImpl.java:62)
at sun.reflect.DelegatingMethodAccessorImpl.invoke(DelegatingMethodAccessorImpl.java:43)
at java.lang.reflect.Method.invoke(Method.java:498)
at org.testng.internal.MethodInvocationHelper.invokeMethod(MethodInvocationHelper.java:134)
at org.testng.internal.MethodInvocationHelper.invokeMethodConsideringTimeout(MethodInvocationHelper.java:63)
at org.testng.internal.ConfigInvoker.invokeConfigurationMethod(ConfigInvoker.java:348)
at org.testng.internal.ConfigInvoker.invokeConfigurations(ConfigInvoker.java:302)
at org.testng.internal.TestMethodWorker.invokeBeforeClassMethods(TestMethodWorker.java:176)
at org.testng.internal.TestMethodWorker.run(TestMethodWorker.java:122)
at java.util.ArrayList.forEach(ArrayList.java:1257)
at org.testng.TestRunner.privateRun(TestRunner.java:766)
at org.testng.TestRunner.run(TestRunner.java:587)
at org.testng.SuiteRunner.runTest(SuiteRunner.java:384)
at org.testng.SuiteRunner.runSequentially(SuiteRunner.java:378)
at org.testng.SuiteRunner.privateRun(SuiteRunner.java:337)
at org.testng.SuiteRunner.run(SuiteRunner.java:286)
at org.testng.SuiteRunnerWorker.runSuite(SuiteRunnerWorker.java:53)
at org.testng.SuiteRunnerWorker.run(SuiteRunnerWorker.java:96)
at org.testng.TestNG.runSuitesSequentially(TestNG.java:1187)
at org.testng.TestNG.runSuitesLocally(TestNG.java:1109)
at org.testng.TestNG.runSuites(TestNG.java:1039)
at org.testng.TestNG.run(TestNG.java:1007)
at org.testng.remote.AbstractRemoteTestNG.run(AbstractRemoteTestNG.java:115)
at org.testng.remote.RemoteTestNG.initAndRun(RemoteTestNG.java:251)
at org.testng.remote.RemoteTestNG.main(RemoteTestNG.java:77)
]]>
    </error>
  </testcase> <!-- beforeSuit -->
  <system-out/>
  <testcase name="verifyWhatsWrongOptions" time="0.000" classname="com.nobroker.test.PropertyCategoryTest">
    <skipped/>
  </testcase> <!-- verifyWhatsWrongOptions -->
  <system-out/>
  <testcase name="verifyCategory" time="0.000" classname="com.nobroker.test.PropertyCategoryTest">
    <skipped/>
  </testcase> <!-- verifyCategory -->
  <system-out/>
  <testcase name="verifyScrollTillend" time="0.000" classname="com.nobroker.test.PropertyCategoryTest">
    <skipped/>
  </testcase> <!-- verifyScrollTillend -->
  <system-out/>
</testsuite> <!-- com.nobroker.test.PropertyCategoryTest -->
